<?xml version="1.0" encoding="UTF-8"?>
<!-- Generated by org.testng.reporters.JUnitXMLReporter -->
<testsuite ignored="0" hostname="DESKTOP-5SDRQV7" failures="1" tests="1" name="Test" time="30.093" errors="0" timestamp="2022-03-16T16:33:18 IST">
  <testcase classname="QAtestproject.login" name="verifylogin" time="1.739">
    <failure type="org.openqa.selenium.NoSuchElementException" message="searchText(dashboardExists() &amp;amp;&amp;amp; setHomepage()) didn&amp;apos;t have any matching elements at this place in the DOM
For documentation on this error, please visit: https://www.seleniumhq.org/exceptions/no_such_element.html
Build info: version: &amp;apos;3.141.59&amp;apos;, revision: &amp;apos;e82be7d358&amp;apos;, time: &amp;apos;2018-11-14T08:17:03&amp;apos;
System info: host: &amp;apos;DESKTOP-5SDRQV7&amp;apos;, ip: &amp;apos;192.168.0.136&amp;apos;, os.name: &amp;apos;Windows 10&amp;apos;, os.arch: &amp;apos;amd64&amp;apos;, os.version: &amp;apos;10.0&amp;apos;, java.version: &amp;apos;14.0.1&amp;apos;
Driver info: driver.version: RemoteWebDriver">
      <![CDATA[org.openqa.selenium.NoSuchElementException: searchText(dashboardExists() && setHomepage()) didn't have any matching elements at this place in the DOM
For documentation on this error, please visit: https://www.seleniumhq.org/exceptions/no_such_element.html
Build info: version: '3.141.59', revision: 'e82be7d358', time: '2018-11-14T08:17:03'
System info: host: 'DESKTOP-5SDRQV7', ip: '192.168.0.136', os.name: 'Windows 10', os.arch: 'amd64', os.version: '10.0', java.version: '14.0.1'
Driver info: driver.version: RemoteWebDriver
at com.paulhammant.ngwebdriver.ByAngular$BaseBy.errorIfNull(ByAngular.java:155)
at com.paulhammant.ngwebdriver.ByAngular$BaseBy.findElement(ByAngular.java:166)
at org.openqa.selenium.remote.RemoteWebDriver.findElement(RemoteWebDriver.java:315)
at QAtest.webelement.DashboardPage.clickhomebutton(DashboardPage.java:43)
at QAtestproject.login.verifylogin(login.java:54)
at java.base/java.util.ArrayList.forEach(ArrayList.java:1510)
... Removed 27 stack frames]]>
    </failure>
  </testcase> <!-- verifylogin -->
</testsuite> <!-- Test -->
